17
12
781
635
334
383
251
226
707
741
667
305
630
256
469
850
739
500
511
674
586
445
634
11
604
118
313
176
323
950
482
344
944
587
114
392
421
617
267
189
389
395
237
363
327
918
191
673
947
808
314
674
91
316
961
4
309
890
55
570
652
943
479
960
867
14
938
489
209
664
527
65
271
46
359
848
395
604
359
888
839
186
658
316
566
350
148
725
50
928
528
553
546
194
211
753
151
786
227
595
712
64
250
259
223
86
368
7
726
508
269
684
52
217
918
258
445
664
611
271
508
259
829
522
889
577
390
207
155
171
485
239
292
189
872
764
965
399
363
474
687
60
374
180
951
662
4
70
222
33
256
407
679
962
559
659
842
698
828
552
749
294
654
278
784
305
707
347
959
156
285
976
767
956
341
9
26
744
710
790
369
34
441
943
264
387
554
454
928
65
197
930
218
607
874
5
851
943
297
987
403
129
295
694
480
703
73
338
721
290
480
713
675
266
34
789
276
915
31
68
518
598
480
558
329
572
313
918
96
189
469
298
43
30
440
231
341
356
438
823
748
419
611
780
874
694
293
649
332
655
265
634
945
614
137
693
34
946
618
324
483
149
951
761
87
262
363
960
568
715
186
725
766
463
762
239
654
907
343
225
218
747
501
594
661
353
151
354
663
643
122
968
866
517
461
94
9
949
933
549
204
430
121
883
548
517
975
64
51
351
304
920
767
504
819
247
399
680
432
318
720
103
646
722
397
362
417
61
656
696
342
211
729
503
359
63
802
180
749
768
643
571
95
168
41
519
953
521
532
212
750
789
417
862
662
484
404
427
443
695
169
796
475
421
904
487
289
454
374
679
833
462
502
174
671
344
73
579
416
718
722
429
896
653
798
795
925
40
816
12
606
819
470
87
569
433
101
867
794
885
904
971
699
75
307
219
853
271
948
194
101
218
130
167
424
791
946
18
867
856
671
396
862
379
744
120
620
468
721
416
325
635
764
532
444
902
820
459
163
583
81
326
708
857
492
164
706
153
593
752
427
192
462
250
769
339
23
485
662
633
224
303
158
701
756
504
644
700
434
405
902
931
336
489
678
733
959
75
253
123
322
813
494
394
32
294
596
143
484
387
982
349
904
725
932
692
697
569
938
668
120
518
96
730
375
427
395
676
383
762
382
316
420
19
972
576
496
286
275
589
831
420
351
486
920
157
621
6
323
130
212
490
17
98
619
560
101
264
680
366
270
762
108
354
750
794
259
337
815
936
27
163
425
691
73
432
791
915
582
498
399
207
98
657
863
698
754
239
360
762
626
294
405
619
153
866
144
478
87
276
538
272
178
312
440
699
18
913
13
259
168
207
211
746
861
121
338
74
681
226
582
549
383
136
78
913
539
944
415
574
702
125
909
680
928
963
81
980
371
483
108
915
127
943
863
676
301
513
569
846
100
757
455
165
618
174
399
173
479
427
27
675
50
548
845
965
164
45
607
393
643
407
330
200
458
576
656
591
423
164
49
588
878
273
99
246
814
877
683
678
387
317
346
814
264
641
572
485
927
103
439
169
807
229
128
364
791
392
363
453
619
849
264
861
995
483
765
788
60
546
409
301
444
598
240
191
558
917
717
874
679
658
608
408
244
375
133
545
306
172
605
456
545
272
635
524
508
526
608
719
293
205
212
533
49
565
461
45
802
477
879
230
301
801
886
648
568
532
790
413
839
118
79
396
205
835
848
745
641
214
437
577
590
19
164
136
764
300
86
262
306
150
571
639
47
890
129
967
577
892
492
767
224
304
918
502
760
314
504
800
181
606
706
209
790
118
432
508
845
785
273
896
820
416
207
693
24
77
712
861
114
608
110
104
275
120
527
649
793
893
856
79
437
77
699
410
413
57
212
252
432
544
785
622
873
340
349
946
829
133
794
723
971
368
735
296
471
204
641
413
134
285
811
16
479
77
124
636
266
707
179
174
964
903
871
961
977
616
574
101
659
566
517
438
304
790
342
960
269
611
354
654
441
949
752
54
686
966
539
826
617
12
300
20
356
193
883
226
60
746
614
35
126
101
870
427
70
439
609
170
614
599
657
358
144
5
33
141
389
443
747
963
33
255
286
58
510
565
888
396
2
152
94
99
622
563
115
477
967
16
706
866
469
619
664
870
457
643
685
277
858
720
616
931
577
127
176
280
306
745
462
553
406
84
674
343
678
878
844
85
499
708
929
155
686
838
824
33
795
807
539
378
104
38
808
166
521
849
546
281
389
18
47
401
955
566
25
602
847
449
122
176
741
887
739
867
812
42
226
424
589
108
583
462
830
240
669
387
609
310
532
300
619
207
48
550
199
710
812
92
202
393
860
398
153
703
14
890
337
855
661
357
197
344
288
180
108
263
671
404
901
576
872
658
597
104
479
674
948
326
97
8
219
349
362
480
110
967
662
710
301
876
356
151
69
907
587
445
569
338
480
133
97
453
872
949
590
141
243
833
588
589
153
96
89
838
787
70
500
358
875
498
408
762
770
624
567
105
315
839
100
832
570
903
47
87
316
538
73
261
142
61
766
109
539
614
310
398
390
461
849
588
645
240
389
185
37
6
559
470
681
680
330
785
865
902
375
192
994
796
454
114
902
434
336
287
550
141
27
44
445
284
874
658
180
726
383
496
83
883
778
745
623
23
262
881
435
581
467
635
938
809
54
827
798
951
48
398
419
447
222
157
899
274
686
351
530
700
651
365
41
383
155
118
917
885
527
981
286
588
707
793
727
91
36
551
663
679
75
509
824
264
785
888
181
732
694
360
13
653
628
685
779
240
392
854
621
847
419
467
633
545
820
938
528
340
501
109
401
823
863
866
442
883
379
399
763
695
524
425
441
655
190
758
690
634
758
282
125
638
459
786
741
267
548
423
626
646
786
341
704
840
86
401
577
153
312
737
450
316
158
450
107
241
372
451
491
393
200
780
411
7
287
697
366
790
683
502
816
897
619
9
648
30
473
697
867
630
638
282
677
833
365
311
891
148
283
569
25
807
272
902
390
192
548
233
934
655
406
282
886
245
833
704
169
923
73
384
450
413
416
698
962
648
926
322
481
584
152
174
509
20
892
265
352
299
444
523
355
90
352
811
814
544
845
51
309
488
362
391
284
173
561
976
703
607
136
407
917
896
684
938
836
675
500
558
179
666
462
616
592
362
380
353
124
939
494
658
838
248
865
84
216
482
285
822
602
520
257
861
341
621
331
987
711
195
386
433
427
759
763
246
301
293
450
499
716
844
148
100
187
233
887
776
965
378
213
808
274
363
413
678
624
141
546
446
611
530
130
989
719
956
307
885
737
836
423
124
442
469
577
283
598
220
854
128
206
815
137
438
296
596
655
469
276
395
437
750
97
257
15
315
296
654
160
761
659
573
457
361
284
13
593
332
308
899
928
731
78
232
537
672
35
916
377
122
548
512
839
222
47
756
432
110
283
973
144
281
493
71
417
238
674
370
227
761
493
591
758
616
336
711
934
267
408
524
953
935
971
452
176
645
821
576
343
165
910
350
98
462
27
970
951
539
258
752
447
396
621
799
647
92
138
656
116
465
862
948
464
601
597
416
173
870
314
621
26
466
140
342
450
218
65
588
666
87
149
631
655
924
304
604
944
528
54
333
769
943
374
138
344
72
542
969
821
954
114
148
630
155
909
347
596
660
716
678
842
323
456
303
674
867
887
620
357
565
399
25
925
885
320
82
303
831
524
119
591
676
350
12
741
197
410
109
331
950
589
83
153
713
572
698
295
805
512
95
136
410
116
65
493
702
372
341
442
961
543
178
788
580
111
47
330
345
896
331
407
906
986
534
632
80
325
782
767
955
17
503
640
369
873
655
673
78
635
144
165
163
580
716
302
23
166
349
268
142
649
961
655
712
558
80
588
253
303
747
51
827
439
270
621
535
386
68
876
908
934
437
468
453
132
518
640
229
380
81
747
75
793
22
770
802
217
288
433
499
491
739
252
609
357
454
861
515
122
673
1
723
700
93
221
632
292
413
848
417
492
373
91
389
788
541
618
483
819
324
956
670
812
401
115
168
347
294
334
470
574
779
62
339
96
468
8
151
83
806
303
609
228
99
418
649
589
393
975
117
492
856
352
820
320
400
724
30
227
274
636
644
908
380
399
446
885
484
321
5
935
425
381
948
602
199
752
172
563
476
198
869
419
159
519
322
969
330
632
353
804
743
429
543
8
879
840
654
771
886
494
966
38
559
754
749
533
468
516
788
567
931
179
301
702
487
466
571
785
893
127
40
238
828
908
843
287
491
294
186
666
875
75
741
120
767
763
352
766
158
562
862
138
711
818
115
530
803
457
619
699
504
945
284
109
63
186
253
695
924
555
710
123
993
700
923
11
601
968
810
331
497
292
1
511
364
148
821
858
452
677
945
63
170
423
687
335
595
170
759
695
621
291
398
866
588
258
442
356
37
182
684
391
311
531
673
570
171
189
811
689
621
615
908
499
232
822
155
40
415
945
570
185
126
444
165
101
417
379
929
753
688
191
802
696
221
0
0
0
0
0
0
0
0
0
0
